Build started 7/22/2014 8:02:06 PM.
     1>Project "G:\Software Development\CoodinateConversion\CoodinateConversion.vcxproj" on node 2 (rebuild target(s)).
     1>_PrepareForClean:
         Deleting file "Debug\CoodinateConversion.lastbuildstate".
       InitializeBuildStatus:
         Creating "Debug\CoodinateConversion.unsuccessfulbuild" because "AlwaysCreate" was specified.
       ClCompile:
         g:\Program Files\Visual Studio\VC\bin\CL.exe /c /ZI /nologo /W3 /WX- /Od /Oy- /D _MBCS /Gm /EHsc /RTC1 /MDd /GS /fp:precise /Zc:wchar_t /Zc:forScope /Fo"Debug\\" /Fd"Debug\vc100.pdb" /Gd /TP /analyze- /errorReport:prompt C:\Users\Stefan\Desktop\ConversieGPS\rdnaptrans2008.cpp
         rdnaptrans2008.cpp
       Link:
         g:\Program Files\Visual Studio\VC\bin\link.exe /ERRORREPORT:PROMPT /OUT:"G:\Software Development\CoodinateConversion\Debug\CoodinateConversion.exe" /NOLOGO kernel32.lib user32.lib gdi32.lib winspool.lib comdlg32.lib advapi32.lib shell32.lib ole32.lib oleaut32.lib uuid.lib odbc32.lib odbccp32.lib /MANIFEST /ManifestFile:"Debug\CoodinateConversion.exe.intermediate.manifest" /MANIFESTUAC:"level='asInvoker' uiAccess='false'" /DEBUG /PDB:"G:\Software Development\CoodinateConversion\Debug\CoodinateConversion.pdb" /TLBID:1 /DYNAMICBASE /NXCOMPAT /IMPLIB:"G:\Software Development\CoodinateConversion\Debug\CoodinateConversion.lib" /MACHINE:X86 Debug\rdnaptrans2008.obj
         CoodinateConversion.vcxproj -> G:\Software Development\CoodinateConversion\Debug\CoodinateConversion.exe
       Manifest:
         C:\Program Files (x86)\Microsoft SDKs\Windows\v7.0A\bin\mt.exe /nologo /verbose /outputresource:"G:\Software Development\CoodinateConversion\Debug\CoodinateConversion.exe;#1" /manifest Debug\CoodinateConversion.exe.intermediate.manifest
       FinalizeBuildStatus:
         Deleting file "Debug\CoodinateConversion.unsuccessfulbuild".
         Touching "Debug\CoodinateConversion.lastbuildstate".
     1>Done Building Project "G:\Software Development\CoodinateConversion\CoodinateConversion.vcxproj" (rebuild target(s)).

Build succeeded.

Time Elapsed 00:00:00.79
